// 重构日志: 5c6cf6a4
// 重构日志: 5397c6ce
// 重构日志: 719c26d7
// 重构日志: b824ab8e
// 重构日志: 1a4b3635
// 重构日志: 75f5ab0f
// 同步 ID: 811e34ca @ Sat Jun 20 08:53:36 UTC 2026
// 同步 ID: 939975ac @ Sat Jun 20 11:44:33 UTC 2026
// 同步 ID: 4aba46fd @ Sat Jun 20 17:16:58 UTC 2026
// 重构日志: adae9bff
// 重构日志: b7cc53d7
// 重构日志: 48affb17
// 同步 ID: 055d0e7d @ Mon Jun 22 22:04:39 UTC 2026
// 重构日志: 63cd74b4
// 同步 ID: 52f13452 @ Fri Jun 26 07:38:04 UTC 2026
// 重构日志: 8718db59
// 重构日志: 5cc8d4c0
// 重构日志: 5c5eccc7
// 同步 ID: 9789f45f @ Sat Jun 27 11:34:56 UTC 2026
// 重构日志: 3ea3b582
// 重构日志: ac553f87
// 同步 ID: 5bd0c44e @ Mon Jun 29 10:26:08 UTC 2026
// 重构日志: cad9cde9
// 重构日志: d835213c
// 同步 ID: 8a8fb9b6 @ Tue Jun 30 18:25:40 UTC 2026
// 重构日志: f4fdc4e9
// 重构日志: 2c06d6d9
// 同步 ID: ff62a514 @ Thu Jul  2 06:58:55 UTC 2026
// 同步 ID: 2df7add6 @ Thu Jul  2 10:23:34 UTC 2026
// 同步 ID: c57b33d1 @ Fri Jul  3 01:33:36 UTC 2026
